\BOOKMARK [1][-]{section.1}{\376\377\000D\000e\000s\000c\000r\000i\000p\000c\000i\000\363\000n\000\040\000G\000e\000n\000e\000r\000a\000l\000\040\000d\000e\000l\000\040\000P\000r\000o\000y\000e\000c\000t\000o}{}% 1
\BOOKMARK [2][-]{subsection.1.1}{\376\377\000O\000r\000d\000e\000n\000\040\000d\000e\000\040\000e\000j\000e\000c\000u\000c\000i\000\363\000n\000\040\000e\000n\000\040\000P\000o\000s\000t\000g\000r\000e\000S\000Q\000L}{section.1}% 2
\BOOKMARK [1][-]{section.2}{\376\377\000D\000i\000s\000e\000\361\000o\000\040\000d\000e\000l\000\040\000E\000s\000q\000u\000e\000m\000a\000\040\040\024\000\040\000E\000s\000t\000r\000a\000t\000e\000g\000i\000a\000\040\000T\000a\000b\000l\000a\000\040\000p\000o\000r\000\040\000S\000u\000b\000c\000l\000a\000s\000e}{}% 3
\BOOKMARK [2][-]{subsection.2.1}{\376\377\000T\000a\000b\000l\000a\000s\000\040\000d\000e\000l\000\040\000s\000i\000s\000t\000e\000m\000a}{section.2}% 4
\BOOKMARK [1][-]{section.3}{\376\377\0000\0002\000\137\000s\000e\000c\000u\000e\000n\000c\000i\000a\000s\000.\000s\000q\000l\000\040\040\024\000\040\000S\000e\000c\000u\000e\000n\000c\000i\000a\000s}{}% 5
\BOOKMARK [2][-]{subsection.3.1}{\376\377\000D\000e\000s\000c\000r\000i\000p\000c\000i\000\363\000n}{section.3}% 6
\BOOKMARK [2][-]{subsection.3.2}{\376\377\000E\000x\000p\000l\000i\000c\000a\000c\000i\000\363\000n\000\040\000l\000\355\000n\000e\000a\000\040\000p\000o\000r\000\040\000l\000\355\000n\000e\000a}{section.3}% 7
\BOOKMARK [2][-]{subsection.3.3}{\376\377\000R\000e\000s\000u\000m\000e\000n\000\040\000d\000e\000\040\000s\000e\000c\000u\000e\000n\000c\000i\000a\000s}{section.3}% 8
\BOOKMARK [1][-]{section.4}{\376\377\0000\0001\000\137\000d\000d\000l\000\137\000c\000r\000e\000a\000c\000i\000o\000n\000\137\000t\000a\000b\000l\000a\000s\000.\000s\000q\000l\000\040\040\024\000\040\000T\000a\000b\000l\000a\000s}{}% 9
\BOOKMARK [2][-]{subsection.4.1}{\376\377\000D\000e\000s\000c\000r\000i\000p\000c\000i\000\363\000n}{section.4}% 10
\BOOKMARK [2][-]{subsection.4.2}{\376\377\000L\000i\000m\000p\000i\000e\000z\000a\000\040\000p\000r\000e\000v\000i\000a}{section.4}% 11
\BOOKMARK [2][-]{subsection.4.3}{\376\377\000T\000a\000b\000l\000a\000s\000\040\000d\000e\000\040\000e\000m\000p\000l\000e\000a\000d\000o\000s}{section.4}% 12
\BOOKMARK [2][-]{subsection.4.4}{\376\377\000T\000a\000b\000l\000a\000s\000\040\000d\000e\000\040\000p\000r\000o\000d\000u\000c\000t\000o\000s}{section.4}% 13
\BOOKMARK [2][-]{subsection.4.5}{\376\377\000T\000a\000b\000l\000a\000s\000\040\000d\000e\000\040\000\363\000r\000d\000e\000n\000e\000s}{section.4}% 14
\BOOKMARK [1][-]{section.5}{\376\377\0000\0004\000\137\000f\000u\000n\000c\000i\000o\000n\000\137\000f\000o\000l\000i\000o\000.\000s\000q\000l\000\040\040\024\000\040\000F\000u\000n\000c\000i\000\363\000n\000\040\000g\000e\000n\000e\000r\000a\000r\000\137\000f\000o\000l\000i\000o}{}% 15
\BOOKMARK [2][-]{subsection.5.1}{\376\377\000D\000e\000s\000c\000r\000i\000p\000c\000i\000\363\000n}{section.5}% 16
\BOOKMARK [2][-]{subsection.5.2}{\376\377\000E\000x\000p\000l\000i\000c\000a\000c\000i\000\363\000n\000\040\000l\000\355\000n\000e\000a\000\040\000p\000o\000r\000\040\000l\000\355\000n\000e\000a}{section.5}% 17
\BOOKMARK [2][-]{subsection.5.3}{\376\377\000E\000j\000e\000m\000p\000l\000o\000s\000\040\000d\000e\000\040\000s\000a\000l\000i\000d\000a}{section.5}% 18
\BOOKMARK [1][-]{section.6}{\376\377\0000\0003\000\137\000t\000r\000i\000g\000g\000e\000r\000s\000.\000s\000q\000l\000\040\040\024\000\040\000T\000r\000i\000g\000g\000e\000r\000s}{}% 19
\BOOKMARK [2][-]{subsection.6.1}{\376\377\000D\000e\000s\000c\000r\000i\000p\000c\000i\000\363\000n\000\040\000g\000e\000n\000e\000r\000a\000l}{section.6}% 20
\BOOKMARK [2][-]{subsection.6.2}{\376\377\000T\000r\000i\000g\000g\000e\000r\000\040\0001\000\040\040\024\000\040\000F\000o\000l\000i\000o\000\040\000a\000u\000t\000o\000m\000\341\000t\000i\000c\000o}{section.6}% 21
\BOOKMARK [2][-]{subsection.6.3}{\376\377\000T\000r\000i\000g\000g\000e\000r\000\040\0002\000\040\040\024\000\040\000I\000n\000s\000e\000r\000t\000a\000r\000\040\000e\000n\000\040\000D\000E\000T\000A\000L\000L\000E\000\137\000O\000R\000D\000E\000N}{section.6}% 22
\BOOKMARK [2][-]{subsection.6.4}{\376\377\000T\000r\000i\000g\000g\000e\000r\000\040\0003\000\040\040\024\000\040\000A\000c\000t\000u\000a\000l\000i\000z\000a\000r\000\040\000e\000n\000\040\000D\000E\000T\000A\000L\000L\000E\000\137\000O\000R\000D\000E\000N}{section.6}% 23
\BOOKMARK [2][-]{subsection.6.5}{\376\377\000T\000r\000i\000g\000g\000e\000r\000\040\0004\000\040\040\024\000\040\000E\000l\000i\000m\000i\000n\000a\000r\000\040\000d\000e\000\040\000D\000E\000T\000A\000L\000L\000E\000\137\000O\000R\000D\000E\000N}{section.6}% 24
\BOOKMARK [1][-]{section.7}{\376\377\000t\000e\000s\000t\000\137\000t\000r\000i\000g\000g\000e\000r\000s\000.\000s\000q\000l\000\040\040\024\000\040\000C\000a\000s\000o\000s\000\040\000d\000e\000\040\000P\000r\000u\000e\000b\000a}{}% 25
\BOOKMARK [2][-]{subsection.7.1}{\376\377\000D\000e\000s\000c\000r\000i\000p\000c\000i\000\363\000n}{section.7}% 26
\BOOKMARK [2][-]{subsection.7.2}{\376\377\000D\000a\000t\000o\000s\000\040\000b\000a\000s\000e}{section.7}% 27
\BOOKMARK [2][-]{subsection.7.3}{\376\377\000P\000r\000u\000e\000b\000a\000s}{section.7}% 28
\BOOKMARK [2][-]{subsection.7.4}{\376\377\000R\000e\000s\000u\000m\000e\000n\000\040\000d\000e\000\040\000p\000r\000u\000e\000b\000a\000s}{section.7}% 29
\BOOKMARK [1][-]{section.8}{\376\377\000D\000i\000f\000e\000r\000e\000n\000c\000i\000a\000s\000\040\000e\000n\000t\000r\000e\000\040\000l\000a\000\040\000v\000e\000r\000s\000i\000\363\000n\000\040\000O\000r\000a\000c\000l\000e\000\040\000y\000\040\000P\000o\000s\000t\000g\000r\000e\000S\000Q\000L}{}% 30
